0 info it worked if it ends with ok
1 verbose cli [ 'node', '/usr/local/bin/npm', 'install', 'child_process' ]
2 info using npm@2.14.2
3 info using node@v0.12.2
4 verbose node symlink /usr/local/bin/node
5 verbose install initial load of /Users/nan/Documents/gitGreen/package.json
6 verbose readDependencies loading dependencies from /Users/nan/Documents/gitGreen/package.json
7 silly cache add args [ 'child_process', null ]
8 verbose cache add spec child_process
9 silly cache add parsed spec { raw: 'child_process',
9 silly cache add   scope: null,
9 silly cache add   name: 'child_process',
9 silly cache add   rawSpec: '',
9 silly cache add   spec: '*',
9 silly cache add   type: 'range' }
10 silly addNamed child_process@*
11 verbose addNamed "*" is a valid semver range for child_process
12 silly addNameRange { name: 'child_process', range: '*', hasData: false }
13 silly mapToRegistry name child_process
14 silly mapToRegistry using default registry
15 silly mapToRegistry registry https://registry.npmjs.org/
16 silly mapToRegistry uri https://registry.npmjs.org/child_process
17 verbose addNameRange registry:https://registry.npmjs.org/child_process not in flight; fetching
18 verbose request uri https://registry.npmjs.org/child_process
19 verbose request no auth needed
20 info attempt registry request try #1 at 20:14:31
21 verbose request id b8d428799920686d
22 http request GET https://registry.npmjs.org/child_process
23 http 404 https://registry.npmjs.org/child_process
24 verbose headers { 'content-type': 'application/json',
24 verbose headers   'cache-control': 'max-age=0',
24 verbose headers   'content-length': '2',
24 verbose headers   'accept-ranges': 'bytes',
24 verbose headers   date: 'Sun, 06 Sep 2015 12:12:37 GMT',
24 verbose headers   via: '1.1 varnish',
24 verbose headers   age: '0',
24 verbose headers   connection: 'keep-alive',
24 verbose headers   'x-served-by': 'cache-itm7425-ITM',
24 verbose headers   'x-cache': 'MISS',
24 verbose headers   'x-cache-hits': '0',
24 verbose headers   'x-timer': 'S1441541557.534872,VS0,VE163' }
25 silly get cb [ 404,
25 silly get   { 'content-type': 'application/json',
25 silly get     'cache-control': 'max-age=0',
25 silly get     'content-length': '2',
25 silly get     'accept-ranges': 'bytes',
25 silly get     date: 'Sun, 06 Sep 2015 12:12:37 GMT',
25 silly get     via: '1.1 varnish',
25 silly get     age: '0',
25 silly get     connection: 'keep-alive',
25 silly get     'x-served-by': 'cache-itm7425-ITM',
25 silly get     'x-cache': 'MISS',
25 silly get     'x-cache-hits': '0',
25 silly get     'x-timer': 'S1441541557.534872,VS0,VE163' } ]
26 verbose stack Error: Registry returned 404 for GET on https://registry.npmjs.org/child_process
26 verbose stack     at makeError (/usr/local/lib/node_modules/npm/node_modules/npm-registry-client/lib/request.js:263:12)
26 verbose stack     at CachingRegistryClient.<anonymous> (/usr/local/lib/node_modules/npm/node_modules/npm-registry-client/lib/request.js:241:14)
26 verbose stack     at Request._callback (/usr/local/lib/node_modules/npm/node_modules/npm-registry-client/lib/request.js:171:14)
26 verbose stack     at Request.self.callback (/usr/local/lib/node_modules/npm/node_modules/request/request.js:198:22)
26 verbose stack     at Request.emit (events.js:110:17)
26 verbose stack     at Request.<anonymous> (/usr/local/lib/node_modules/npm/node_modules/request/request.js:1073:14)
26 verbose stack     at Request.emit (events.js:129:20)
26 verbose stack     at IncomingMessage.<anonymous> (/usr/local/lib/node_modules/npm/node_modules/request/request.js:1019:12)
26 verbose stack     at IncomingMessage.emit (events.js:129:20)
26 verbose stack     at _stream_readable.js:908:16
27 verbose statusCode 404
28 verbose pkgid child_process
29 verbose cwd /Users/nan/Documents/gitGreen
30 error Darwin 14.3.0
31 error argv "node" "/usr/local/bin/npm" "install" "child_process"
32 error node v0.12.2
33 error npm  v2.14.2
34 error code E404
35 error 404 Registry returned 404 for GET on https://registry.npmjs.org/child_process
35 error 404
35 error 404 'child_process' is not in the npm registry.
35 error 404 Your package name is not valid, because
35 error 404
35 error 404  1. child_process is a core module name
35 error 404
35 error 404 Note that you can also install from a
35 error 404 tarball, folder, http url, or git url.
36 verbose exit [ 1, true ]
